<?xml version="1.0" encoding="UTF-8"?>
<testsuite name="Test" tests="2" skipped="0" failures="0" errors="0" timestamp="2023-05-09T12:03:26" hostname="botond-Nitro-AN517-54" time="0.003">
  <properties/>
  <testcase name="testNegative" classname="Test" time="0.002"/>
  <testcase name="testLargeNumber" classname="Test" time="0.001"/>
  <system-out><![CDATA[]]></system-out>
  <system-err><![CDATA[]]></system-err>
</testsuite>
