<?xml version="1.0" encoding="UTF-8"?>
<testsuite name="TestOperatorsOverloading" tests="3" skipped="0" failures="0" errors="0" timestamp="2023-05-09T12:42:47" hostname="botond-Nitro-AN517-54" time="0.003">
  <properties/>
  <testcase name="testOneMonth" classname="TestOperatorsOverloading" time="0.002"/>
  <testcase name="testAddOneTimeInterval" classname="TestOperatorsOverloading" time="0.0"/>
  <testcase name="testMonthChange" classname="TestOperatorsOverloading" time="0.0"/>
  <system-out><![CDATA[]]></system-out>
  <system-err><![CDATA[]]></system-err>
</testsuite>
