<?xml version="1.0" encoding="UTF-8"?>
<testsuite name="TestSealedClasses" tests="3" skipped="0" failures="0" errors="0" timestamp="2023-05-09T12:07:36" hostname="botond-Nitro-AN517-54" time="0.003">
  <properties/>
  <testcase name="testNum" classname="TestSealedClasses" time="0.002"/>
  <testcase name="testSum" classname="TestSealedClasses" time="0.0"/>
  <testcase name="testRecursion" classname="TestSealedClasses" time="0.001"/>
  <system-out><![CDATA[]]></system-out>
  <system-err><![CDATA[]]></system-err>
</testsuite>
