<?xml version="1.0" encoding="UTF-8"?>
<testsuite name="TestNamedArguments" tests="1" skipped="0" failures="0" errors="0" timestamp="2023-05-09T11:07:42" hostname="botond-Nitro-AN517-54" time="0.014">
  <properties/>
  <testcase name="testJoinToString" classname="TestNamedArguments" time="0.014"/>
  <system-out><![CDATA[]]></system-out>
  <system-err><![CDATA[]]></system-err>
</testsuite>
