<?xml version="1.0" encoding="UTF-8"?>
<testsuite name="TestLambdas" tests="2" skipped="0" failures="0" errors="0" timestamp="2023-05-09T12:04:05" hostname="botond-Nitro-AN517-54" time="0.01">
  <properties/>
  <testcase name="contains" classname="TestLambdas" time="0.009"/>
  <testcase name="notContains" classname="TestLambdas" time="0.0"/>
  <system-out><![CDATA[]]></system-out>
  <system-err><![CDATA[]]></system-err>
</testsuite>
