<?xml version="1.0" encoding="UTF-8"?>
<testsuite name="TestForLoop" tests="2" skipped="0" failures="0" errors="0" timestamp="2023-05-09T12:23:25" hostname="botond-Nitro-AN517-54" time="0.006">
  <properties/>
  <testcase name="testIterateOverDateRange" classname="TestForLoop" time="0.005"/>
  <testcase name="testIterateOverEmptyRange" classname="TestForLoop" time="0.0"/>
  <system-out><![CDATA[]]></system-out>
  <system-err><![CDATA[]]></system-err>
</testsuite>
